# JRE version: OpenJDK Runtime Environment Temurin-17.0.15+6 (17.0.15+6) (build 17.0.15+6)
# Java VM: OpenJDK 64-Bit Server VM Temurin-17.0.15+6 (17.0.15+6, mixed mode, sharing, tiered, compressed oops, compressed class ptrs, g1 gc, windows-amd64)
GC Precious Log:
 CPUs: 12 total, 12 available
 Memory: 16220M
 Large Page Support: Disabled
 NUMA Support: Disabled
 Compressed Oops: Enabled (Zero based)
 Heap Region Size: 2M
 Heap Min Capacity: 8M
 Heap Initial Capacity: 254M
 Heap Max Capacity: 3G
 Pre-touch: Disabled
 Parallel Workers: 10
 Concurrent Workers: 3
 Concurrent Refinement Workers: 10
 Periodic GC: Disabled
Heap:
 garbage-first heap   total 532480K, used 392819K [0x0000000740000000, 0x0000000800000000)
  region size 2048K, 3 young (6144K), 3 survivors (6144K)
 Metaspace       used 75615K, committed 76480K, reserved 1179648K
  class space    used 10588K, committed 11008K, reserved 1048576K
GC Heap History (20 events):
Event: 8.887 GC heap after
{Heap after GC invocations=31 (full 0):
 garbage-first heap   total 262144K, used 106089K [0x0000000740000000, 0x0000000800000000)
  region size 2048K, 3 young (6144K), 3 survivors (6144K)
 Metaspace       used 66493K, committed 67200K, reserved 1114112K
  class space    used 9239K, committed 9536K, reserved 1048576K
}
Event: 8.912 GC heap before
{Heap before GC invocations=31 (full 0):
 garbage-first heap   total 262144K, used 128617K [0x0000000740000000, 0x0000000800000000)
  region size 2048K, 4 young (8192K), 3 survivors (6144K)
 Metaspace       used 66493K, committed 67200K, reserved 1114112K
  class space    used 9239K, committed 9536K, reserved 1048576K
}
Event: 8.914 GC heap after
{Heap after GC invocations=32 (full 0):
 garbage-first heap   total 262144K, used 106021K [0x0000000740000000, 0x0000000800000000)
  region size 2048K, 3 young (6144K), 3 survivors (6144K)
 Metaspace       used 66493K, committed 67200K, reserved 1114112K
  class space    used 9239K, committed 9536K, reserved 1048576K
}
Event: 10.198 GC heap before
{Heap before GC invocations=32 (full 0):
 garbage-first heap   total 262144K, used 222757K [0x0000000740000000, 0x0000000800000000)
  region size 2048K, 54 young (110592K), 3 survivors (6144K)
 Metaspace       used 75133K, committed 75840K, reserved 1114112K
  class space    used 10542K, committed 10880K, reserved 1048576K
}
Event: 10.203 GC heap after
{Heap after GC invocations=33 (full 0):
 garbage-first heap   total 262144K, used 113428K [0x0000000740000000, 0x0000000800000000)
  region size 2048K, 5 young (10240K), 5 survivors (10240K)
 Metaspace       used 75133K, committed 75840K, reserved 1114112K
  class space    used 10542K, committed 10880K, reserved 1048576K
}
Event: 10.248 GC heap before
{Heap before GC invocations=33 (full 0):
 garbage-first heap   total 262144K, used 127764K [0x0000000740000000, 0x0000000800000000)
  region size 2048K, 6 young (12288K), 5 survivors (10240K)
 Metaspace       used 75143K, committed 75840K, reserved 1114112K
  class space    used 10542K, committed 10880K, reserved 1048576K
}
Event: 10.252 GC heap after
{Heap after GC invocations=34 (full 0):
 garbage-first heap   total 262144K, used 120873K [0x0000000740000000, 0x0000000800000000)
  region size 2048K, 5 young (10240K), 5 survivors (10240K)
 Metaspace       used 75143K, committed 75840K, reserved 1114112K
  class space    used 10542K, committed 10880K, reserved 1048576K
}
Event: 10.363 GC heap before
{Heap before GC invocations=34 (full 0):
 garbage-first heap   total 262144K, used 198697K [0x0000000740000000, 0x0000000800000000)
  region size 2048K, 37 young (75776K), 5 survivors (10240K)
 Metaspace       used 75263K, committed 76032K, reserved 1114112K
  class space    used 10553K, committed 10944K, reserved 1048576K
}
Event: 10.378 GC heap after
{Heap after GC invocations=35 (full 0):
 garbage-first heap   total 262144K, used 163575K [0x0000000740000000, 0x0000000800000000)
  region size 2048K, 5 young (10240K), 5 survivors (10240K)
 Metaspace       used 75263K, committed 76032K, reserved 1114112K
  class space    used 10553K, committed 10944K, reserved 1048576K
}
Event: 10.418 GC heap before
{Heap before GC invocations=35 (full 0):
 garbage-first heap   total 262144K, used 196343K [0x0000000740000000, 0x0000000800000000)
  region size 2048K, 21 young (43008K), 5 survivors (10240K)
 Metaspace       used 75263K, committed 76032K, reserved 1114112K
  class space    used 10553K, committed 10944K, reserved 1048576K
}
Event: 10.428 GC heap after
{Heap after GC invocations=36 (full 0):
 garbage-first heap   total 532480K, used 186368K [0x0000000740000000, 0x0000000800000000)
  region size 2048K, 3 young (6144K), 3 survivors (6144K)
 Metaspace       used 75263K, committed 76032K, reserved 1114112K
  class space    used 10553K, committed 10944K, reserved 1048576K
}
Event: 10.686 GC heap before
{Heap before GC invocations=37 (full 0):
 garbage-first heap   total 532480K, used 360448K [0x0000000740000000, 0x0000000800000000)
  region size 2048K, 65 young (133120K), 3 survivors (6144K)
 Metaspace       used 75615K, committed 76480K, reserved 1179648K
  class space    used 10588K, committed 11008K, reserved 1048576K
}
Event: 10.719 GC heap after
{Heap after GC invocations=38 (full 0):
 garbage-first heap   total 532480K, used 274272K [0x0000000740000000, 0x0000000800000000)
  region size 2048K, 9 young (18432K), 9 survivors (18432K)
 Metaspace       used 75615K, committed 76480K, reserved 1179648K
  class space    used 10588K, committed 11008K, reserved 1048576K
}
Event: 10.732 GC heap before
{Heap before GC invocations=38 (full 0):
 garbage-first heap   total 532480K, used 282464K [0x0000000740000000, 0x0000000800000000)
  region size 2048K, 13 young (26624K), 9 survivors (18432K)
 Metaspace       used 75615K, committed 76480K, reserved 1179648K
  class space    used 10588K, committed 11008K, reserved 1048576K
}
Event: 10.745 GC heap after
{Heap after GC invocations=39 (full 0):
 garbage-first heap   total 532480K, used 284672K [0x0000000740000000, 0x0000000800000000)
  region size 2048K, 2 young (4096K), 2 survivors (4096K)
 Metaspace       used 75615K, committed 76480K, reserved 1179648K
  class space    used 10588K, committed 11008K, reserved 1048576K
}
Event: 10.790 GC heap before
{Heap before GC invocations=39 (full 0):
 garbage-first heap   total 532480K, used 364544K [0x0000000740000000, 0x0000000800000000)
  region size 2048K, 41 young (83968K), 2 survivors (4096K)
 Metaspace       used 75615K, committed 76480K, reserved 1179648K
  class space    used 10588K, committed 11008K, reserved 1048576K
}
Event: 10.809 GC heap after
{Heap after GC invocations=40 (full 0):
 garbage-first heap   total 532480K, used 339968K [0x0000000740000000, 0x0000000800000000)
  region size 2048K, 6 young (12288K), 6 survivors (12288K)
 Metaspace       used 75615K, committed 76480K, reserved 1179648K
  class space    used 10588K, committed 11008K, reserved 1048576K
}
Event: 10.852 GC heap before
{Heap before GC invocations=40 (full 0):
 garbage-first heap   total 532480K, used 395264K [0x0000000740000000, 0x0000000800000000)
  region size 2048K, 33 young (67584K), 6 survivors (12288K)
 Metaspace       used 75615K, committed 76480K, reserved 1179648K
  class space    used 10588K, committed 11008K, reserved 1048576K
}
Event: 10.888 GC heap after
{Heap after GC invocations=41 (full 0):
 garbage-first heap   total 532480K, used 383775K [0x0000000740000000, 0x0000000800000000)
  region size 2048K, 5 young (10240K), 5 survivors (10240K)
 Metaspace       used 75615K, committed 76480K, reserved 1179648K
  class space    used 10588K, committed 11008K, reserved 1048576K
}
Event: 10.943 GC heap before
{Heap before GC invocations=41 (full 0):
 garbage-first heap   total 532480K, used 391967K [0x0000000740000000, 0x0000000800000000)
  region size 2048K, 10 young (20480K), 5 survivors (10240K)
 Metaspace       used 75615K, committed 76480K, reserved 1179648K
  class space    used 10588K, committed 11008K, reserved 1048576K
}

